ARM GAS  C:\Users\quiqu\AppData\Local\Temp\ccC0cyDN.s 			page 1


   1              		.syntax unified
   2              		.cpu cortex-m3
   3              		.fpu softvfp
   4              		.eabi_attribute 20, 1
   5              		.eabi_attribute 21, 1
   6              		.eabi_attribute 23, 3
   7              		.eabi_attribute 24, 1
   8              		.eabi_attribute 25, 1
   9              		.eabi_attribute 26, 1
  10              		.eabi_attribute 30, 1
  11              		.eabi_attribute 34, 1
  12              		.eabi_attribute 18, 4
  13              		.thumb
  14              		.syntax unified
  15              		.file	"cymetadata.c"
  16              		.text
  17              	.Ltext0:
  18              		.cfi_sections	.debug_frame
  19              		.global	cy_metadata
  20              		.global	cy_meta_flashprotect
  21              		.global	cy_meta_wonvl
  22              		.global	cy_meta_custnvl
  23              		.global	cy_meta_configecc
  24              		.section	.cyconfigecc,"a",%progbits
  25              		.align	2
  26              		.type	cy_meta_configecc, %object
  27              		.size	cy_meta_configecc, 704
  28              	cy_meta_configecc:
  29 0000 01       		.byte	1
  30 0001 52       		.byte	82
  31 0002 00       		.byte	0
  32 0003 40       		.byte	64
  33 0004 03       		.byte	3
  34 0005 64       		.byte	100
  35 0006 00       		.byte	0
  36 0007 40       		.byte	64
  37 0008 63       		.byte	99
  38 0009 02       		.byte	2
  39 000a 01       		.byte	1
  40 000b 40       		.byte	64
  41 000c 30       		.byte	48
  42 000d 03       		.byte	3
  43 000e 01       		.byte	1
  44 000f 40       		.byte	64
  45 0010 09       		.byte	9
  46 0011 04       		.byte	4
  47 0012 01       		.byte	1
  48 0013 40       		.byte	64
  49 0014 4A       		.byte	74
  50 0015 05       		.byte	5
  51 0016 01       		.byte	1
  52 0017 40       		.byte	64
  53 0018 02       		.byte	2
  54 0019 07       		.byte	7
  55 001a 01       		.byte	1
  56 001b 40       		.byte	64
  57 001c 02       		.byte	2
ARM GAS  C:\Users\quiqu\AppData\Local\Temp\ccC0cyDN.s 			page 2


  58 001d 40       		.byte	64
  59 001e 01       		.byte	1
  60 001f 40       		.byte	64
  61 0020 08       		.byte	8
  62 0021 41       		.byte	65
  63 0022 01       		.byte	1
  64 0023 40       		.byte	64
  65 0024 02       		.byte	2
  66 0025 42       		.byte	66
  67 0026 01       		.byte	1
  68 0027 40       		.byte	64
  69 0028 03       		.byte	3
  70 0029 50       		.byte	80
  71 002a 01       		.byte	1
  72 002b 40       		.byte	64
  73 002c 01       		.byte	1
  74 002d 51       		.byte	81
  75 002e 01       		.byte	1
  76 002f 40       		.byte	64
  77 0030 04       		.byte	4
  78 0031 01       		.byte	1
  79 0032 83       		.byte	-125
  80 0033 0D       		.byte	13
  81 0034 84       		.byte	-124
  82 0035 38       		.byte	56
  83 0036 85       		.byte	-123
  84 0037 72       		.byte	114
  85 0038 01       		.byte	1
  86 0039 04       		.byte	4
  87 003a 02       		.byte	2
  88 003b 18       		.byte	24
  89 003c 04       		.byte	4
  90 003d E7       		.byte	-25
  91 003e 05       		.byte	5
  92 003f 27       		.byte	39
  93 0040 07       		.byte	7
  94 0041 18       		.byte	24
  95 0042 08       		.byte	8
  96 0043 E7       		.byte	-25
  97 0044 09       		.byte	9
  98 0045 08       		.byte	8
  99 0046 0E       		.byte	14
 100 0047 18       		.byte	24
 101 0048 0F       		.byte	15
 102 0049 23       		.byte	35
 103 004a 14       		.byte	20
 104 004b 18       		.byte	24
 105 004c 15       		.byte	21
 106 004d 1C       		.byte	28
 107 004e 17       		.byte	23
 108 004f 22       		.byte	34
 109 0050 18       		.byte	24
 110 0051 54       		.byte	84
 111 0052 1A       		.byte	26
 112 0053 21       		.byte	33
 113 0054 1B       		.byte	27
 114 0055 04       		.byte	4
ARM GAS  C:\Users\quiqu\AppData\Local\Temp\ccC0cyDN.s 			page 3


 115 0056 1C       		.byte	28
 116 0057 2A       		.byte	42
 117 0058 1E       		.byte	30
 118 0059 41       		.byte	65
 119 005a 20       		.byte	32
 120 005b 80       		.byte	-128
 121 005c 21       		.byte	33
 122 005d 1C       		.byte	28
 123 005e 23       		.byte	35
 124 005f 21       		.byte	33
 125 0060 24       		.byte	36
 126 0061 18       		.byte	24
 127 0062 25       		.byte	37
 128 0063 3F       		.byte	63
 129 0064 29       		.byte	41
 130 0065 18       		.byte	24
 131 0066 2A       		.byte	42
 132 0067 18       		.byte	24
 133 0068 2C       		.byte	44
 134 0069 19       		.byte	25
 135 006a 2D       		.byte	45
 136 006b 10       		.byte	16
 137 006c 2E       		.byte	46
 138 006d 06       		.byte	6
 139 006e 30       		.byte	48
 140 006f 80       		.byte	-128
 141 0070 32       		.byte	50
 142 0071 07       		.byte	7
 143 0072 33       		.byte	51
 144 0073 38       		.byte	56
 145 0074 34       		.byte	52
 146 0075 60       		.byte	96
 147 0076 35       		.byte	53
 148 0077 1F       		.byte	31
 149 0078 36       		.byte	54
 150 0079 18       		.byte	24
 151 007a 3B       		.byte	59
 152 007b 28       		.byte	40
 153 007c 40       		.byte	64
 154 007d 60       		.byte	96
 155 007e 41       		.byte	65
 156 007f 04       		.byte	4
 157 0080 49       		.byte	73
 158 0081 FF       		.byte	-1
 159 0082 4A       		.byte	74
 160 0083 FF       		.byte	-1
 161 0084 4B       		.byte	75
 162 0085 FF       		.byte	-1
 163 0086 4D       		.byte	77
 164 0087 A0       		.byte	-96
 165 0088 4F       		.byte	79
 166 0089 04       		.byte	4
 167 008a 50       		.byte	80
 168 008b 18       		.byte	24
 169 008c 58       		.byte	88
 170 008d 04       		.byte	4
 171 008e 59       		.byte	89
ARM GAS  C:\Users\quiqu\AppData\Local\Temp\ccC0cyDN.s 			page 4


 172 008f 04       		.byte	4
 173 0090 5A       		.byte	90
 174 0091 04       		.byte	4
 175 0092 5D       		.byte	93
 176 0093 01       		.byte	1
 177 0094 5F       		.byte	95
 178 0095 01       		.byte	1
 179 0096 60       		.byte	96
 180 0097 40       		.byte	64
 181 0098 62       		.byte	98
 182 0099 C0       		.byte	-64
 183 009a 64       		.byte	100
 184 009b 40       		.byte	64
 185 009c 65       		.byte	101
 186 009d 40       		.byte	64
 187 009e 66       		.byte	102
 188 009f C0       		.byte	-64
 189 00a0 68       		.byte	104
 190 00a1 C0       		.byte	-64
 191 00a2 6A       		.byte	106
 192 00a3 C0       		.byte	-64
 193 00a4 6C       		.byte	108
 194 00a5 C0       		.byte	-64
 195 00a6 6E       		.byte	110
 196 00a7 C0       		.byte	-64
 197 00a8 8A       		.byte	-118
 198 00a9 04       		.byte	4
 199 00aa 8B       		.byte	-117
 200 00ab 01       		.byte	1
 201 00ac 8F       		.byte	-113
 202 00ad 02       		.byte	2
 203 00ae 92       		.byte	-110
 204 00af 01       		.byte	1
 205 00b0 96       		.byte	-106
 206 00b1 06       		.byte	6
 207 00b2 A5       		.byte	-91
 208 00b3 01       		.byte	1
 209 00b4 AB       		.byte	-85
 210 00b5 02       		.byte	2
 211 00b6 B2       		.byte	-78
 212 00b7 02       		.byte	2
 213 00b8 B3       		.byte	-77
 214 00b9 02       		.byte	2
 215 00ba B4       		.byte	-76
 216 00bb 01       		.byte	1
 217 00bc B6       		.byte	-74
 218 00bd 04       		.byte	4
 219 00be B7       		.byte	-73
 220 00bf 01       		.byte	1
 221 00c0 BF       		.byte	-65
 222 00c1 04       		.byte	4
 223 00c2 C0       		.byte	-64
 224 00c3 60       		.byte	96
 225 00c4 C1       		.byte	-63
 226 00c5 05       		.byte	5
 227 00c6 C5       		.byte	-59
 228 00c7 D0       		.byte	-48
ARM GAS  C:\Users\quiqu\AppData\Local\Temp\ccC0cyDN.s 			page 5


 229 00c8 C6       		.byte	-58
 230 00c9 12       		.byte	18
 231 00ca C8       		.byte	-56
 232 00cb 0E       		.byte	14
 233 00cc C9       		.byte	-55
 234 00cd FF       		.byte	-1
 235 00ce CA       		.byte	-54
 236 00cf FF       		.byte	-1
 237 00d0 CB       		.byte	-53
 238 00d1 FF       		.byte	-1
 239 00d2 CD       		.byte	-51
 240 00d3 AF       		.byte	-81
 241 00d4 CE       		.byte	-50
 242 00d5 0F       		.byte	15
 243 00d6 CF       		.byte	-49
 244 00d7 04       		.byte	4
 245 00d8 D0       		.byte	-48
 246 00d9 18       		.byte	24
 247 00da D2       		.byte	-46
 248 00db 80       		.byte	-128
 249 00dc D4       		.byte	-44
 250 00dd 05       		.byte	5
 251 00de D8       		.byte	-40
 252 00df 04       		.byte	4
 253 00e0 D9       		.byte	-39
 254 00e1 04       		.byte	4
 255 00e2 DA       		.byte	-38
 256 00e3 04       		.byte	4
 257 00e4 DB       		.byte	-37
 258 00e5 04       		.byte	4
 259 00e6 DC       		.byte	-36
 260 00e7 11       		.byte	17
 261 00e8 DD       		.byte	-35
 262 00e9 11       		.byte	17
 263 00ea DF       		.byte	-33
 264 00eb 01       		.byte	1
 265 00ec E0       		.byte	-32
 266 00ed 40       		.byte	64
 267 00ee E2       		.byte	-30
 268 00ef C0       		.byte	-64
 269 00f0 E4       		.byte	-28
 270 00f1 40       		.byte	64
 271 00f2 E5       		.byte	-27
 272 00f3 40       		.byte	64
 273 00f4 E6       		.byte	-26
 274 00f5 C0       		.byte	-64
 275 00f6 E8       		.byte	-24
 276 00f7 C0       		.byte	-64
 277 00f8 EA       		.byte	-22
 278 00f9 C0       		.byte	-64
 279 00fa EC       		.byte	-20
 280 00fb C0       		.byte	-64
 281 00fc EE       		.byte	-18
 282 00fd C0       		.byte	-64
 283 00fe 01       		.byte	1
 284 00ff 20       		.byte	32
 285 0100 04       		.byte	4
ARM GAS  C:\Users\quiqu\AppData\Local\Temp\ccC0cyDN.s 			page 6


 286 0101 69       		.byte	105
 287 0102 0A       		.byte	10
 288 0103 40       		.byte	64
 289 0104 0B       		.byte	11
 290 0105 20       		.byte	32
 291 0106 0D       		.byte	13
 292 0107 08       		.byte	8
 293 0108 0E       		.byte	14
 294 0109 04       		.byte	4
 295 010a 0F       		.byte	15
 296 010b 02       		.byte	2
 297 010c 14       		.byte	20
 298 010d 10       		.byte	16
 299 010e 17       		.byte	23
 300 010f 51       		.byte	81
 301 0110 19       		.byte	25
 302 0111 24       		.byte	36
 303 0112 1A       		.byte	26
 304 0113 02       		.byte	2
 305 0114 1C       		.byte	28
 306 0115 40       		.byte	64
 307 0116 1D       		.byte	29
 308 0117 02       		.byte	2
 309 0118 1E       		.byte	30
 310 0119 05       		.byte	5
 311 011a 1F       		.byte	31
 312 011b 08       		.byte	8
 313 011c 22       		.byte	34
 314 011d 44       		.byte	68
 315 011e 27       		.byte	39
 316 011f 14       		.byte	20
 317 0120 29       		.byte	41
 318 0121 24       		.byte	36
 319 0122 2C       		.byte	44
 320 0123 98       		.byte	-104
 321 0124 2D       		.byte	45
 322 0125 80       		.byte	-128
 323 0126 36       		.byte	54
 324 0127 20       		.byte	32
 325 0128 37       		.byte	55
 326 0129 04       		.byte	4
 327 012a 3A       		.byte	58
 328 012b 40       		.byte	64
 329 012c 3B       		.byte	59
 330 012d 20       		.byte	32
 331 012e 3C       		.byte	60
 332 012f 60       		.byte	96
 333 0130 3D       		.byte	61
 334 0131 08       		.byte	8
 335 0132 3F       		.byte	63
 336 0133 02       		.byte	2
 337 0134 46       		.byte	70
 338 0135 40       		.byte	64
 339 0136 49       		.byte	73
 340 0137 22       		.byte	34
 341 0138 4B       		.byte	75
 342 0139 80       		.byte	-128
ARM GAS  C:\Users\quiqu\AppData\Local\Temp\ccC0cyDN.s 			page 7


 343 013a 4D       		.byte	77
 344 013b 20       		.byte	32
 345 013c 52       		.byte	82
 346 013d 40       		.byte	64
 347 013e 53       		.byte	83
 348 013f 50       		.byte	80
 349 0140 59       		.byte	89
 350 0141 02       		.byte	2
 351 0142 5A       		.byte	90
 352 0143 88       		.byte	-120
 353 0144 72       		.byte	114
 354 0145 40       		.byte	64
 355 0146 82       		.byte	-126
 356 0147 01       		.byte	1
 357 0148 8A       		.byte	-118
 358 0149 01       		.byte	1
 359 014a C0       		.byte	-64
 360 014b F2       		.byte	-14
 361 014c C2       		.byte	-62
 362 014d EC       		.byte	-20
 363 014e C4       		.byte	-60
 364 014f F0       		.byte	-16
 365 0150 CA       		.byte	-54
 366 0151 F6       		.byte	-10
 367 0152 CC       		.byte	-52
 368 0153 60       		.byte	96
 369 0154 CE       		.byte	-50
 370 0155 FC       		.byte	-4
 371 0156 D0       		.byte	-48
 372 0157 80       		.byte	-128
 373 0158 D2       		.byte	-46
 374 0159 2C       		.byte	44
 375 015a D6       		.byte	-42
 376 015b 0B       		.byte	11
 377 015c E2       		.byte	-30
 378 015d 20       		.byte	32
 379 015e 03       		.byte	3
 380 015f 01       		.byte	1
 381 0160 0B       		.byte	11
 382 0161 01       		.byte	1
 383 0162 35       		.byte	53
 384 0163 01       		.byte	1
 385 0164 3F       		.byte	63
 386 0165 10       		.byte	16
 387 0166 54       		.byte	84
 388 0167 18       		.byte	24
 389 0168 56       		.byte	86
 390 0169 04       		.byte	4
 391 016a 59       		.byte	89
 392 016b 04       		.byte	4
 393 016c 5B       		.byte	91
 394 016d 04       		.byte	4
 395 016e 5F       		.byte	95
 396 016f 01       		.byte	1
 397 0170 05       		.byte	5
 398 0171 82       		.byte	-126
 399 0172 06       		.byte	6
ARM GAS  C:\Users\quiqu\AppData\Local\Temp\ccC0cyDN.s 			page 8


 400 0173 20       		.byte	32
 401 0174 07       		.byte	7
 402 0175 08       		.byte	8
 403 0176 0D       		.byte	13
 404 0177 08       		.byte	8
 405 0178 0E       		.byte	14
 406 0179 02       		.byte	2
 407 017a 0F       		.byte	15
 408 017b 08       		.byte	8
 409 017c 16       		.byte	22
 410 017d 40       		.byte	64
 411 017e 17       		.byte	23
 412 017f 14       		.byte	20
 413 0180 1D       		.byte	29
 414 0181 30       		.byte	48
 415 0182 1E       		.byte	30
 416 0183 62       		.byte	98
 417 0184 20       		.byte	32
 418 0185 04       		.byte	4
 419 0186 24       		.byte	36
 420 0187 01       		.byte	1
 421 0188 25       		.byte	37
 422 0189 0C       		.byte	12
 423 018a 26       		.byte	38
 424 018b 20       		.byte	32
 425 018c 27       		.byte	39
 426 018d 40       		.byte	64
 427 018e 2C       		.byte	44
 428 018f A0       		.byte	-96
 429 0190 2E       		.byte	46
 430 0191 80       		.byte	-128
 431 0192 2F       		.byte	47
 432 0193 08       		.byte	8
 433 0194 30       		.byte	48
 434 0195 10       		.byte	16
 435 0196 31       		.byte	49
 436 0197 20       		.byte	32
 437 0198 35       		.byte	53
 438 0199 90       		.byte	-112
 439 019a 37       		.byte	55
 440 019b 04       		.byte	4
 441 019c 38       		.byte	56
 442 019d 01       		.byte	1
 443 019e 3A       		.byte	58
 444 019f 10       		.byte	16
 445 01a0 3D       		.byte	61
 446 01a1 80       		.byte	-128
 447 01a2 3E       		.byte	62
 448 01a3 24       		.byte	36
 449 01a4 3F       		.byte	63
 450 01a5 02       		.byte	2
 451 01a6 45       		.byte	69
 452 01a7 2A       		.byte	42
 453 01a8 46       		.byte	70
 454 01a9 C0       		.byte	-64
 455 01aa 47       		.byte	71
 456 01ab 40       		.byte	64
ARM GAS  C:\Users\quiqu\AppData\Local\Temp\ccC0cyDN.s 			page 9


 457 01ac 4A       		.byte	74
 458 01ad 01       		.byte	1
 459 01ae 4B       		.byte	75
 460 01af 40       		.byte	64
 461 01b0 4F       		.byte	79
 462 01b1 48       		.byte	72
 463 01b2 56       		.byte	86
 464 01b3 10       		.byte	16
 465 01b4 5A       		.byte	90
 466 01b5 01       		.byte	1
 467 01b6 5E       		.byte	94
 468 01b7 40       		.byte	64
 469 01b8 60       		.byte	96
 470 01b9 04       		.byte	4
 471 01ba 61       		.byte	97
 472 01bb 40       		.byte	64
 473 01bc 62       		.byte	98
 474 01bd 01       		.byte	1
 475 01be 6C       		.byte	108
 476 01bf 14       		.byte	20
 477 01c0 6F       		.byte	111
 478 01c1 01       		.byte	1
 479 01c2 74       		.byte	116
 480 01c3 38       		.byte	56
 481 01c4 75       		.byte	117
 482 01c5 80       		.byte	-128
 483 01c6 76       		.byte	118
 484 01c7 20       		.byte	32
 485 01c8 77       		.byte	119
 486 01c9 08       		.byte	8
 487 01ca 80       		.byte	-128
 488 01cb 80       		.byte	-128
 489 01cc 81       		.byte	-127
 490 01cd 12       		.byte	18
 491 01ce 83       		.byte	-125
 492 01cf 10       		.byte	16
 493 01d0 85       		.byte	-123
 494 01d1 48       		.byte	72
 495 01d2 92       		.byte	-110
 496 01d3 05       		.byte	5
 497 01d4 94       		.byte	-108
 498 01d5 28       		.byte	40
 499 01d6 9B       		.byte	-101
 500 01d7 14       		.byte	20
 501 01d8 9C       		.byte	-100
 502 01d9 10       		.byte	16
 503 01da 9D       		.byte	-99
 504 01db 80       		.byte	-128
 505 01dc 9E       		.byte	-98
 506 01dd 01       		.byte	1
 507 01de 9F       		.byte	-97
 508 01df 01       		.byte	1
 509 01e0 A1       		.byte	-95
 510 01e1 02       		.byte	2
 511 01e2 A3       		.byte	-93
 512 01e3 09       		.byte	9
 513 01e4 A4       		.byte	-92
ARM GAS  C:\Users\quiqu\AppData\Local\Temp\ccC0cyDN.s 			page 10


 514 01e5 98       		.byte	-104
 515 01e6 A5       		.byte	-91
 516 01e7 0C       		.byte	12
 517 01e8 A6       		.byte	-90
 518 01e9 20       		.byte	32
 519 01ea A8       		.byte	-88
 520 01eb 01       		.byte	1
 521 01ec AB       		.byte	-85
 522 01ed 4C       		.byte	76
 523 01ee AF       		.byte	-81
 524 01ef 01       		.byte	1
 525 01f0 C0       		.byte	-64
 526 01f1 F0       		.byte	-16
 527 01f2 C2       		.byte	-62
 528 01f3 E0       		.byte	-32
 529 01f4 C4       		.byte	-60
 530 01f5 70       		.byte	112
 531 01f6 CA       		.byte	-54
 532 01f7 F0       		.byte	-16
 533 01f8 CC       		.byte	-52
 534 01f9 70       		.byte	112
 535 01fa CE       		.byte	-50
 536 01fb F5       		.byte	-11
 537 01fc D0       		.byte	-48
 538 01fd F0       		.byte	-16
 539 01fe D2       		.byte	-46
 540 01ff 10       		.byte	16
 541 0200 D6       		.byte	-42
 542 0201 11       		.byte	17
 543 0202 D8       		.byte	-40
 544 0203 0D       		.byte	13
 545 0204 AD       		.byte	-83
 546 0205 40       		.byte	64
 547 0206 AE       		.byte	-82
 548 0207 10       		.byte	16
 549 0208 33       		.byte	51
 550 0209 10       		.byte	16
 551 020a CC       		.byte	-52
 552 020b 10       		.byte	16
 553 020c 03       		.byte	3
 554 020d 80       		.byte	-128
 555 020e 53       		.byte	83
 556 020f 10       		.byte	16
 557 0210 83       		.byte	-125
 558 0211 10       		.byte	16
 559 0212 8B       		.byte	-117
 560 0213 10       		.byte	16
 561 0214 9F       		.byte	-97
 562 0215 10       		.byte	16
 563 0216 C0       		.byte	-64
 564 0217 10       		.byte	16
 565 0218 D4       		.byte	-44
 566 0219 20       		.byte	32
 567 021a E2       		.byte	-30
 568 021b 20       		.byte	32
 569 021c AF       		.byte	-81
 570 021d 80       		.byte	-128
ARM GAS  C:\Users\quiqu\AppData\Local\Temp\ccC0cyDN.s 			page 11


 571 021e EC       		.byte	-20
 572 021f 10       		.byte	16
 573 0220 00       		.byte	0
 574 0221 03       		.byte	3
 575 0222 08       		.byte	8
 576 0223 03       		.byte	3
 577 0224 0A       		.byte	10
 578 0225 01       		.byte	1
 579 0226 00       		.byte	0
 580 0227 03       		.byte	3
 581 0228 1E       		.byte	30
 582 0229 01       		.byte	1
 583 022a 00       		.byte	0
 584 022b 90       		.byte	-112
 585 022c 18       		.byte	24
 586 022d 02       		.byte	2
 587 022e 00       		.byte	0
 588 022f 80       		.byte	-128
 589 0230 08       		.byte	8
 590 0231 0C       		.byte	12
 591 0232 00       		.byte	0
 592 0233 00       		.byte	0
 593 0234 10       		.byte	16
 594 0235 23       		.byte	35
 595 0236 00       		.byte	0
 596 0237 0C       		.byte	12
 597 0238 00       		.byte	0
 598 0239 00       		.byte	0
 599 023a 00       		.byte	0
 600 023b 00       		.byte	0
 601 023c 06       		.byte	6
 602 023d 0C       		.byte	12
 603 023e 18       		.byte	24
 604 023f 23       		.byte	35
 605 0240 00       		.byte	0
 606 0241 2F       		.byte	47
 607 0242 01       		.byte	1
 608 0243 00       		.byte	0
 609 0244 00       		.byte	0
 610 0245 08       		.byte	8
 611 0246 01       		.byte	1
 612 0247 00       		.byte	0
 613 0248 00       		.byte	0
 614 0249 0F       		.byte	15
 615 024a 04       		.byte	4
 616 024b 20       		.byte	32
 617 024c 1E       		.byte	30
 618 024d 04       		.byte	4
 619 024e 00       		.byte	0
 620 024f 00       		.byte	0
 621 0250 1A       		.byte	26
 622 0251 03       		.byte	3
 623 0252 04       		.byte	4
 624 0253 40       		.byte	64
 625 0254 00       		.byte	0
 626 0255 00       		.byte	0
 627 0256 00       		.byte	0
ARM GAS  C:\Users\quiqu\AppData\Local\Temp\ccC0cyDN.s 			page 12


 628 0257 03       		.byte	3
 629 0258 02       		.byte	2
 630 0259 C0       		.byte	-64
 631 025a 01       		.byte	1
 632 025b 0F       		.byte	15
 633 025c 00       		.byte	0
 634 025d 10       		.byte	16
 635 025e 1C       		.byte	28
 636 025f 20       		.byte	32
 637 0260 00       		.byte	0
 638 0261 80       		.byte	-128
 639 0262 20       		.byte	32
 640 0263 08       		.byte	8
 641 0264 00       		.byte	0
 642 0265 00       		.byte	0
 643 0266 05       		.byte	5
 644 0267 01       		.byte	1
 645 0268 34       		.byte	52
 646 0269 02       		.byte	2
 647 026a 05       		.byte	5
 648 026b 00       		.byte	0
 649 026c 01       		.byte	1
 650 026d 0C       		.byte	12
 651 026e E0       		.byte	-32
 652 026f 00       		.byte	0
 653 0270 09       		.byte	9
 654 0271 FF       		.byte	-1
 655 0272 FF       		.byte	-1
 656 0273 FF       		.byte	-1
 657 0274 62       		.byte	98
 658 0275 A0       		.byte	-96
 659 0276 F0       		.byte	-16
 660 0277 41       		.byte	65
 661 0278 0C       		.byte	12
 662 0279 00       		.byte	0
 663 027a 00       		.byte	0
 664 027b 00       		.byte	0
 665 027c 00       		.byte	0
 666 027d 00       		.byte	0
 667 027e 02       		.byte	2
 668 027f 10       		.byte	16
 669 0280 04       		.byte	4
 670 0281 04       		.byte	4
 671 0282 04       		.byte	4
 672 0283 04       		.byte	4
 673 0284 00       		.byte	0
 674 0285 00       		.byte	0
 675 0286 00       		.byte	0
 676 0287 01       		.byte	1
 677 0288 00       		.byte	0
 678 0289 00       		.byte	0
 679 028a 00       		.byte	0
 680 028b 00       		.byte	0
 681 028c 00       		.byte	0
 682 028d 00       		.byte	0
 683 028e 40       		.byte	64
 684 028f 02       		.byte	2
ARM GAS  C:\Users\quiqu\AppData\Local\Temp\ccC0cyDN.s 			page 13


 685 0290 00       		.byte	0
 686 0291 10       		.byte	16
 687 0292 30       		.byte	48
 688 0293 10       		.byte	16
 689 0294 00       		.byte	0
 690 0295 10       		.byte	16
 691 0296 10       		.byte	16
 692 0297 12       		.byte	18
 693 0298 00       		.byte	0
 694 0299 00       		.byte	0
 695 029a 00       		.byte	0
 696 029b 00       		.byte	0
 697 029c 00       		.byte	0
 698 029d 00       		.byte	0
 699 029e 00       		.byte	0
 700 029f 00       		.byte	0
 701 02a0 00       		.byte	0
 702 02a1 00       		.byte	0
 703 02a2 00       		.byte	0
 704 02a3 00       		.byte	0
 705 02a4 00       		.byte	0
 706 02a5 00       		.byte	0
 707 02a6 00       		.byte	0
 708 02a7 00       		.byte	0
 709 02a8 01       		.byte	1
 710 02a9 02       		.byte	2
 711 02aa 02       		.byte	2
 712 02ab 00       		.byte	0
 713 02ac 02       		.byte	2
 714 02ad 00       		.byte	0
 715 02ae 00       		.byte	0
 716 02af 00       		.byte	0
 717 02b0 00       		.byte	0
 718 02b1 0B       		.byte	11
 719 02b2 0B       		.byte	11
 720 02b3 00       		.byte	0
 721 02b4 00       		.byte	0
 722 02b5 00       		.byte	0
 723 02b6 00       		.byte	0
 724 02b7 00       		.byte	0
 725 02b8 00       		.byte	0
 726 02b9 FE       		.byte	-2
 727 02ba FE       		.byte	-2
 728 02bb 00       		.byte	0
 729 02bc 00       		.byte	0
 730 02bd 00       		.byte	0
 731 02be 00       		.byte	0
 732 02bf 00       		.byte	0
 733              		.section	.cywolatch,"a",%progbits
 734              		.align	2
 735              		.type	cy_meta_wonvl, %object
 736              		.size	cy_meta_wonvl, 4
 737              	cy_meta_wonvl:
 738 0000 BC       		.byte	-68
 739 0001 90       		.byte	-112
 740 0002 AC       		.byte	-84
 741 0003 AF       		.byte	-81
ARM GAS  C:\Users\quiqu\AppData\Local\Temp\ccC0cyDN.s 			page 14


 742              		.section	.cycustnvl,"a",%progbits
 743              		.align	2
 744              		.type	cy_meta_custnvl, %object
 745              		.size	cy_meta_custnvl, 4
 746              	cy_meta_custnvl:
 747 0000 00       		.byte	0
 748 0001 00       		.byte	0
 749 0002 40       		.byte	64
 750 0003 05       		.byte	5
 751              		.section	.cymeta,"a",%progbits
 752              		.align	2
 753              		.type	cy_metadata, %object
 754              		.size	cy_metadata, 12
 755              	cy_metadata:
 756 0000 00       		.byte	0
 757 0001 01       		.byte	1
 758 0002 2E       		.byte	46
 759 0003 16       		.byte	22
 760 0004 10       		.byte	16
 761 0005 69       		.byte	105
 762 0006 00       		.byte	0
 763 0007 01       		.byte	1
 764 0008 00       		.byte	0
 765 0009 00       		.byte	0
 766 000a 00       		.byte	0
 767 000b 00       		.byte	0
 768              		.section	.cyflashprotect,"a",%progbits
 769              		.align	2
 770              		.type	cy_meta_flashprotect, %object
 771              		.size	cy_meta_flashprotect, 256
 772              	cy_meta_flashprotect:
 773 0000 00000000 		.space	256
 773      00000000 
 773      00000000 
 773      00000000 
 773      00000000 
 774              		.text
 775              	.Letext0:
 776              		.file 1 "c:\\program files (x86)\\cypress\\psoc creator\\4.2\\psoc creator\\import\\gnu\\arm\\5.4.
 777              		.file 2 "c:\\program files (x86)\\cypress\\psoc creator\\4.2\\psoc creator\\import\\gnu\\arm\\5.4.
 778              		.file 3 "Generated_Source\\PSoC5\\cymetadata.c"
 779              		.section	.debug_info,"",%progbits
 780              	.Ldebug_info0:
 781 0000 31010000 		.4byte	0x131
 782 0004 0400     		.2byte	0x4
 783 0006 00000000 		.4byte	.Ldebug_abbrev0
 784 000a 04       		.byte	0x4
 785 000b 01       		.uleb128 0x1
 786 000c 24000000 		.4byte	.LASF17
 787 0010 0C       		.byte	0xc
 788 0011 CF010000 		.4byte	.LASF18
 789 0015 F9000000 		.4byte	.LASF19
 790 0019 00000000 		.4byte	.Ldebug_line0
 791 001d 02       		.uleb128 0x2
 792 001e 01       		.byte	0x1
 793 001f 06       		.byte	0x6
 794 0020 C3010000 		.4byte	.LASF0
ARM GAS  C:\Users\quiqu\AppData\Local\Temp\ccC0cyDN.s 			page 15


 795 0024 03       		.uleb128 0x3
 796 0025 00000000 		.4byte	.LASF9
 797 0029 01       		.byte	0x1
 798 002a 1D       		.byte	0x1d
 799 002b 2F000000 		.4byte	0x2f
 800 002f 02       		.uleb128 0x2
 801 0030 01       		.byte	0x1
 802 0031 08       		.byte	0x8
 803 0032 16000000 		.4byte	.LASF1
 804 0036 02       		.uleb128 0x2
 805 0037 02       		.byte	0x2
 806 0038 05       		.byte	0x5
 807 0039 B0010000 		.4byte	.LASF2
 808 003d 02       		.uleb128 0x2
 809 003e 02       		.byte	0x2
 810 003f 07       		.byte	0x7
 811 0040 C4000000 		.4byte	.LASF3
 812 0044 02       		.uleb128 0x2
 813 0045 04       		.byte	0x4
 814 0046 05       		.byte	0x5
 815 0047 BA010000 		.4byte	.LASF4
 816 004b 02       		.uleb128 0x2
 817 004c 04       		.byte	0x4
 818 004d 07       		.byte	0x7
 819 004e B2000000 		.4byte	.LASF5
 820 0052 02       		.uleb128 0x2
 821 0053 08       		.byte	0x8
 822 0054 05       		.byte	0x5
 823 0055 A2010000 		.4byte	.LASF6
 824 0059 02       		.uleb128 0x2
 825 005a 08       		.byte	0x8
 826 005b 07       		.byte	0x7
 827 005c 57010000 		.4byte	.LASF7
 828 0060 04       		.uleb128 0x4
 829 0061 04       		.byte	0x4
 830 0062 05       		.byte	0x5
 831 0063 696E7400 		.ascii	"int\000"
 832 0067 02       		.uleb128 0x2
 833 0068 04       		.byte	0x4
 834 0069 07       		.byte	0x7
 835 006a 4A010000 		.4byte	.LASF8
 836 006e 03       		.uleb128 0x3
 837 006f 6E010000 		.4byte	.LASF10
 838 0073 02       		.byte	0x2
 839 0074 18       		.byte	0x18
 840 0075 24000000 		.4byte	0x24
 841 0079 05       		.uleb128 0x5
 842 007a 91000000 		.4byte	0x91
 843 007e 8A000000 		.4byte	0x8a
 844 0082 06       		.uleb128 0x6
 845 0083 8A000000 		.4byte	0x8a
 846 0087 BF02     		.2byte	0x2bf
 847 0089 00       		.byte	0
 848 008a 02       		.uleb128 0x2
 849 008b 04       		.byte	0x4
 850 008c 07       		.byte	0x7
 851 008d 99010000 		.4byte	.LASF11
ARM GAS  C:\Users\quiqu\AppData\Local\Temp\ccC0cyDN.s 			page 16


 852 0091 07       		.uleb128 0x7
 853 0092 6E000000 		.4byte	0x6e
 854 0096 08       		.uleb128 0x8
 855 0097 E7000000 		.4byte	.LASF12
 856 009b 03       		.byte	0x3
 857 009c 1F       		.byte	0x1f
 858 009d A7000000 		.4byte	0xa7
 859 00a1 05       		.uleb128 0x5
 860 00a2 03       		.byte	0x3
 861 00a3 00000000 		.4byte	cy_meta_configecc
 862 00a7 07       		.uleb128 0x7
 863 00a8 79000000 		.4byte	0x79
 864 00ac 05       		.uleb128 0x5
 865 00ad 91000000 		.4byte	0x91
 866 00b1 BC000000 		.4byte	0xbc
 867 00b5 09       		.uleb128 0x9
 868 00b6 8A000000 		.4byte	0x8a
 869 00ba 03       		.byte	0x3
 870 00bb 00       		.byte	0
 871 00bc 08       		.uleb128 0x8
 872 00bd D7000000 		.4byte	.LASF13
 873 00c1 03       		.byte	0x3
 874 00c2 84       		.byte	0x84
 875 00c3 CD000000 		.4byte	0xcd
 876 00c7 05       		.uleb128 0x5
 877 00c8 03       		.byte	0x3
 878 00c9 00000000 		.4byte	cy_meta_custnvl
 879 00cd 07       		.uleb128 0x7
 880 00ce AC000000 		.4byte	0xac
 881 00d2 08       		.uleb128 0x8
 882 00d3 8B010000 		.4byte	.LASF14
 883 00d7 03       		.byte	0x3
 884 00d8 92       		.byte	0x92
 885 00d9 E3000000 		.4byte	0xe3
 886 00dd 05       		.uleb128 0x5
 887 00de 03       		.byte	0x3
 888 00df 00000000 		.4byte	cy_meta_wonvl
 889 00e3 07       		.uleb128 0x7
 890 00e4 AC000000 		.4byte	0xac
 891 00e8 05       		.uleb128 0x5
 892 00e9 91000000 		.4byte	0x91
 893 00ed F8000000 		.4byte	0xf8
 894 00f1 09       		.uleb128 0x9
 895 00f2 8A000000 		.4byte	0x8a
 896 00f6 FF       		.byte	0xff
 897 00f7 00       		.byte	0
 898 00f8 08       		.uleb128 0x8
 899 00f9 76010000 		.4byte	.LASF15
 900 00fd 03       		.byte	0x3
 901 00fe A0       		.byte	0xa0
 902 00ff 09010000 		.4byte	0x109
 903 0103 05       		.uleb128 0x5
 904 0104 03       		.byte	0x3
 905 0105 00000000 		.4byte	cy_meta_flashprotect
 906 0109 07       		.uleb128 0x7
 907 010a E8000000 		.4byte	0xe8
 908 010e 05       		.uleb128 0x5
ARM GAS  C:\Users\quiqu\AppData\Local\Temp\ccC0cyDN.s 			page 17


 909 010f 91000000 		.4byte	0x91
 910 0113 1E010000 		.4byte	0x11e
 911 0117 09       		.uleb128 0x9
 912 0118 8A000000 		.4byte	0x8a
 913 011c 0B       		.byte	0xb
 914 011d 00       		.byte	0
 915 011e 08       		.uleb128 0x8
 916 011f 0A000000 		.4byte	.LASF16
 917 0123 03       		.byte	0x3
 918 0124 CD       		.byte	0xcd
 919 0125 2F010000 		.4byte	0x12f
 920 0129 05       		.uleb128 0x5
 921 012a 03       		.byte	0x3
 922 012b 00000000 		.4byte	cy_metadata
 923 012f 07       		.uleb128 0x7
 924 0130 0E010000 		.4byte	0x10e
 925 0134 00       		.byte	0
 926              		.section	.debug_abbrev,"",%progbits
 927              	.Ldebug_abbrev0:
 928 0000 01       		.uleb128 0x1
 929 0001 11       		.uleb128 0x11
 930 0002 01       		.byte	0x1
 931 0003 25       		.uleb128 0x25
 932 0004 0E       		.uleb128 0xe
 933 0005 13       		.uleb128 0x13
 934 0006 0B       		.uleb128 0xb
 935 0007 03       		.uleb128 0x3
 936 0008 0E       		.uleb128 0xe
 937 0009 1B       		.uleb128 0x1b
 938 000a 0E       		.uleb128 0xe
 939 000b 10       		.uleb128 0x10
 940 000c 17       		.uleb128 0x17
 941 000d 00       		.byte	0
 942 000e 00       		.byte	0
 943 000f 02       		.uleb128 0x2
 944 0010 24       		.uleb128 0x24
 945 0011 00       		.byte	0
 946 0012 0B       		.uleb128 0xb
 947 0013 0B       		.uleb128 0xb
 948 0014 3E       		.uleb128 0x3e
 949 0015 0B       		.uleb128 0xb
 950 0016 03       		.uleb128 0x3
 951 0017 0E       		.uleb128 0xe
 952 0018 00       		.byte	0
 953 0019 00       		.byte	0
 954 001a 03       		.uleb128 0x3
 955 001b 16       		.uleb128 0x16
 956 001c 00       		.byte	0
 957 001d 03       		.uleb128 0x3
 958 001e 0E       		.uleb128 0xe
 959 001f 3A       		.uleb128 0x3a
 960 0020 0B       		.uleb128 0xb
 961 0021 3B       		.uleb128 0x3b
 962 0022 0B       		.uleb128 0xb
 963 0023 49       		.uleb128 0x49
 964 0024 13       		.uleb128 0x13
 965 0025 00       		.byte	0
ARM GAS  C:\Users\quiqu\AppData\Local\Temp\ccC0cyDN.s 			page 18


 966 0026 00       		.byte	0
 967 0027 04       		.uleb128 0x4
 968 0028 24       		.uleb128 0x24
 969 0029 00       		.byte	0
 970 002a 0B       		.uleb128 0xb
 971 002b 0B       		.uleb128 0xb
 972 002c 3E       		.uleb128 0x3e
 973 002d 0B       		.uleb128 0xb
 974 002e 03       		.uleb128 0x3
 975 002f 08       		.uleb128 0x8
 976 0030 00       		.byte	0
 977 0031 00       		.byte	0
 978 0032 05       		.uleb128 0x5
 979 0033 01       		.uleb128 0x1
 980 0034 01       		.byte	0x1
 981 0035 49       		.uleb128 0x49
 982 0036 13       		.uleb128 0x13
 983 0037 01       		.uleb128 0x1
 984 0038 13       		.uleb128 0x13
 985 0039 00       		.byte	0
 986 003a 00       		.byte	0
 987 003b 06       		.uleb128 0x6
 988 003c 21       		.uleb128 0x21
 989 003d 00       		.byte	0
 990 003e 49       		.uleb128 0x49
 991 003f 13       		.uleb128 0x13
 992 0040 2F       		.uleb128 0x2f
 993 0041 05       		.uleb128 0x5
 994 0042 00       		.byte	0
 995 0043 00       		.byte	0
 996 0044 07       		.uleb128 0x7
 997 0045 26       		.uleb128 0x26
 998 0046 00       		.byte	0
 999 0047 49       		.uleb128 0x49
 1000 0048 13       		.uleb128 0x13
 1001 0049 00       		.byte	0
 1002 004a 00       		.byte	0
 1003 004b 08       		.uleb128 0x8
 1004 004c 34       		.uleb128 0x34
 1005 004d 00       		.byte	0
 1006 004e 03       		.uleb128 0x3
 1007 004f 0E       		.uleb128 0xe
 1008 0050 3A       		.uleb128 0x3a
 1009 0051 0B       		.uleb128 0xb
 1010 0052 3B       		.uleb128 0x3b
 1011 0053 0B       		.uleb128 0xb
 1012 0054 49       		.uleb128 0x49
 1013 0055 13       		.uleb128 0x13
 1014 0056 3F       		.uleb128 0x3f
 1015 0057 19       		.uleb128 0x19
 1016 0058 02       		.uleb128 0x2
 1017 0059 18       		.uleb128 0x18
 1018 005a 00       		.byte	0
 1019 005b 00       		.byte	0
 1020 005c 09       		.uleb128 0x9
 1021 005d 21       		.uleb128 0x21
 1022 005e 00       		.byte	0
ARM GAS  C:\Users\quiqu\AppData\Local\Temp\ccC0cyDN.s 			page 19


 1023 005f 49       		.uleb128 0x49
 1024 0060 13       		.uleb128 0x13
 1025 0061 2F       		.uleb128 0x2f
 1026 0062 0B       		.uleb128 0xb
 1027 0063 00       		.byte	0
 1028 0064 00       		.byte	0
 1029 0065 00       		.byte	0
 1030              		.section	.debug_aranges,"",%progbits
 1031 0000 14000000 		.4byte	0x14
 1032 0004 0200     		.2byte	0x2
 1033 0006 00000000 		.4byte	.Ldebug_info0
 1034 000a 04       		.byte	0x4
 1035 000b 00       		.byte	0
 1036 000c 0000     		.2byte	0
 1037 000e 0000     		.2byte	0
 1038 0010 00000000 		.4byte	0
 1039 0014 00000000 		.4byte	0
 1040              		.section	.debug_line,"",%progbits
 1041              	.Ldebug_line0:
 1042 0000 3D010000 		.section	.debug_str,"MS",%progbits,1
 1042      02003701 
 1042      00000201 
 1042      FB0E0D00 
 1042      01010101 
 1043              	.LASF9:
 1044 0000 5F5F7569 		.ascii	"__uint8_t\000"
 1044      6E74385F 
 1044      7400
 1045              	.LASF16:
 1046 000a 63795F6D 		.ascii	"cy_metadata\000"
 1046      65746164 
 1046      61746100 
 1047              	.LASF1:
 1048 0016 756E7369 		.ascii	"unsigned char\000"
 1048      676E6564 
 1048      20636861 
 1048      7200
 1049              	.LASF17:
 1050 0024 474E5520 		.ascii	"GNU C11 5.4.1 20160609 (release) [ARM/embedded-5-br"
 1050      43313120 
 1050      352E342E 
 1050      31203230 
 1050      31363036 
 1051 0057 616E6368 		.ascii	"anch revision 237715] -mcpu=cortex-m3 -mthumb -g -O"
 1051      20726576 
 1051      6973696F 
 1051      6E203233 
 1051      37373135 
 1052 008a 67202D66 		.ascii	"g -ffunction-sections -ffat-lto-objects\000"
 1052      66756E63 
 1052      74696F6E 
 1052      2D736563 
 1052      74696F6E 
 1053              	.LASF5:
 1054 00b2 6C6F6E67 		.ascii	"long unsigned int\000"
 1054      20756E73 
 1054      69676E65 
ARM GAS  C:\Users\quiqu\AppData\Local\Temp\ccC0cyDN.s 			page 20


 1054      6420696E 
 1054      7400
 1055              	.LASF3:
 1056 00c4 73686F72 		.ascii	"short unsigned int\000"
 1056      7420756E 
 1056      7369676E 
 1056      65642069 
 1056      6E7400
 1057              	.LASF13:
 1058 00d7 63795F6D 		.ascii	"cy_meta_custnvl\000"
 1058      6574615F 
 1058      63757374 
 1058      6E766C00 
 1059              	.LASF12:
 1060 00e7 63795F6D 		.ascii	"cy_meta_configecc\000"
 1060      6574615F 
 1060      636F6E66 
 1060      69676563 
 1060      6300
 1061              	.LASF19:
 1062 00f9 433A5C55 		.ascii	"C:\\Users\\quiqu\\OneDrive\\Documentos\\PSoC Creato"
 1062      73657273 
 1062      5C717569 
 1062      71755C4F 
 1062      6E654472 
 1063 0127 725C436F 		.ascii	"r\\Comunicaciones\\Bluetooth01.cydsn\000"
 1063      6D756E69 
 1063      63616369 
 1063      6F6E6573 
 1063      5C426C75 
 1064              	.LASF8:
 1065 014a 756E7369 		.ascii	"unsigned int\000"
 1065      676E6564 
 1065      20696E74 
 1065      00
 1066              	.LASF7:
 1067 0157 6C6F6E67 		.ascii	"long long unsigned int\000"
 1067      206C6F6E 
 1067      6720756E 
 1067      7369676E 
 1067      65642069 
 1068              	.LASF10:
 1069 016e 75696E74 		.ascii	"uint8_t\000"
 1069      385F7400 
 1070              	.LASF15:
 1071 0176 63795F6D 		.ascii	"cy_meta_flashprotect\000"
 1071      6574615F 
 1071      666C6173 
 1071      6870726F 
 1071      74656374 
 1072              	.LASF14:
 1073 018b 63795F6D 		.ascii	"cy_meta_wonvl\000"
 1073      6574615F 
 1073      776F6E76 
 1073      6C00
 1074              	.LASF11:
 1075 0199 73697A65 		.ascii	"sizetype\000"
ARM GAS  C:\Users\quiqu\AppData\Local\Temp\ccC0cyDN.s 			page 21


 1075      74797065 
 1075      00
 1076              	.LASF6:
 1077 01a2 6C6F6E67 		.ascii	"long long int\000"
 1077      206C6F6E 
 1077      6720696E 
 1077      7400
 1078              	.LASF2:
 1079 01b0 73686F72 		.ascii	"short int\000"
 1079      7420696E 
 1079      7400
 1080              	.LASF4:
 1081 01ba 6C6F6E67 		.ascii	"long int\000"
 1081      20696E74 
 1081      00
 1082              	.LASF0:
 1083 01c3 7369676E 		.ascii	"signed char\000"
 1083      65642063 
 1083      68617200 
 1084              	.LASF18:
 1085 01cf 47656E65 		.ascii	"Generated_Source\\PSoC5\\cymetadata.c\000"
 1085      72617465 
 1085      645F536F 
 1085      75726365 
 1085      5C50536F 
 1086              		.ident	"GCC: (GNU Tools for ARM Embedded Processors) 5.4.1 20160609 (release) [ARM/embedded-5-bran
