ARM GAS  C:\Users\quiqu\AppData\Local\Temp\ccV6UDZn.s 			page 1


   1              		.syntax unified
   2              		.cpu cortex-m3
   3              		.fpu softvfp
   4              		.eabi_attribute 20, 1
   5              		.eabi_attribute 21, 1
   6              		.eabi_attribute 23, 3
   7              		.eabi_attribute 24, 1
   8              		.eabi_attribute 25, 1
   9              		.eabi_attribute 26, 1
  10              		.eabi_attribute 30, 1
  11              		.eabi_attribute 34, 1
  12              		.eabi_attribute 18, 4
  13              		.thumb
  14              		.syntax unified
  15              		.file	"main.c"
  16              		.text
  17              	.Ltext0:
  18              		.cfi_sections	.debug_frame
  19              		.section	.text.interruptRX,"ax",%progbits
  20              		.align	2
  21              		.global	interruptRX
  22              		.thumb
  23              		.thumb_func
  24              		.type	interruptRX, %function
  25              	interruptRX:
  26              	.LFB63:
  27              		.file 1 "main.c"
   1:main.c        **** /* ========================================
   2:main.c        ****  *
   3:main.c        ****  * Copyright YOUR COMPANY, THE YEAR
   4:main.c        ****  * All Rights Reserved
   5:main.c        ****  * UNPUBLISHED, LICENSED SOFTWARE.
   6:main.c        ****  *
   7:main.c        ****  * CONFIDENTIAL AND PROPRIETARY INFORMATION
   8:main.c        ****  * WHICH IS THE PROPERTY OF your company.
   9:main.c        ****  *
  10:main.c        ****  * ========================================
  11:main.c        **** */
  12:main.c        **** #include "project.h"
  13:main.c        **** 
  14:main.c        **** int fila = 0, columna = 0;
  15:main.c        **** char dato;
  16:main.c        **** 
  17:main.c        **** CY_ISR(interruptRX) //Genero la rutina de interrupcion de RX de la UART
  18:main.c        **** {
  28              		.loc 1 18 0
  29              		.cfi_startproc
  30              		@ args = 0, pretend = 0, frame = 0
  31              		@ frame_needed = 0, uses_anonymous_args = 0
  32 0000 08B5     		push	{r3, lr}
  33              		.cfi_def_cfa_offset 8
  34              		.cfi_offset 3, -8
  35              		.cfi_offset 14, -4
  19:main.c        ****     dato = UART_GetChar();
  36              		.loc 1 19 0
  37 0002 FFF7FEFF 		bl	UART_GetChar
  38              	.LVL0:
ARM GAS  C:\Users\quiqu\AppData\Local\Temp\ccV6UDZn.s 			page 2


  39 0006 0B4B     		ldr	r3, .L4
  40 0008 1870     		strb	r0, [r3]
  20:main.c        ****     columna = columna + 1;
  41              		.loc 1 20 0
  42 000a 0B4A     		ldr	r2, .L4+4
  43 000c 1368     		ldr	r3, [r2]
  44 000e 0133     		adds	r3, r3, #1
  45 0010 1360     		str	r3, [r2]
  21:main.c        ****     if(columna == 16)
  46              		.loc 1 21 0
  47 0012 102B     		cmp	r3, #16
  48 0014 04D1     		bne	.L2
  22:main.c        ****     {
  23:main.c        ****         fila = 1;
  49              		.loc 1 23 0
  50 0016 1346     		mov	r3, r2
  51 0018 0122     		movs	r2, #1
  52 001a 5A60     		str	r2, [r3, #4]
  24:main.c        ****         columna = 0;
  53              		.loc 1 24 0
  54 001c 0022     		movs	r2, #0
  55 001e 1A60     		str	r2, [r3]
  56              	.L2:
  25:main.c        ****     }
  26:main.c        ****     LCD_Position(fila, columna);
  57              		.loc 1 26 0
  58 0020 054B     		ldr	r3, .L4+4
  59 0022 1978     		ldrb	r1, [r3]	@ zero_extendqisi2
  60 0024 1879     		ldrb	r0, [r3, #4]	@ zero_extendqisi2
  61 0026 FFF7FEFF 		bl	LCD_Position
  62              	.LVL1:
  27:main.c        ****     LCD_PutChar(dato);
  63              		.loc 1 27 0
  64 002a 024B     		ldr	r3, .L4
  65 002c 1878     		ldrb	r0, [r3]	@ zero_extendqisi2
  66 002e FFF7FEFF 		bl	LCD_PutChar
  67              	.LVL2:
  68 0032 08BD     		pop	{r3, pc}
  69              	.L5:
  70              		.align	2
  71              	.L4:
  72 0034 00000000 		.word	dato
  73 0038 00000000 		.word	.LANCHOR0
  74              		.cfi_endproc
  75              	.LFE63:
  76              		.size	interruptRX, .-interruptRX
  77              		.section	.text.main,"ax",%progbits
  78              		.align	2
  79              		.global	main
  80              		.thumb
  81              		.thumb_func
  82              		.type	main, %function
  83              	main:
  84              	.LFB64:
  28:main.c        **** }
  29:main.c        **** 
  30:main.c        **** int main(void)
ARM GAS  C:\Users\quiqu\AppData\Local\Temp\ccV6UDZn.s 			page 3


  31:main.c        **** {
  85              		.loc 1 31 0
  86              		.cfi_startproc
  87              		@ Volatile: function does not return.
  88              		@ args = 0, pretend = 0, frame = 0
  89              		@ frame_needed = 0, uses_anonymous_args = 0
  90 0000 08B5     		push	{r3, lr}
  91              		.cfi_def_cfa_offset 8
  92              		.cfi_offset 3, -8
  93              		.cfi_offset 14, -4
  32:main.c        ****     Clock_1_Start();
  94              		.loc 1 32 0
  95 0002 FFF7FEFF 		bl	Clock_1_Start
  96              	.LVL3:
  33:main.c        ****     LCD_Start();
  97              		.loc 1 33 0
  98 0006 FFF7FEFF 		bl	LCD_Start
  99              	.LVL4:
  34:main.c        ****     PWM_Start();
 100              		.loc 1 34 0
 101 000a FFF7FEFF 		bl	PWM_Start
 102              	.LVL5:
  35:main.c        ****     RXisr_StartEx(interruptRX);
 103              		.loc 1 35 0
 104 000e 0348     		ldr	r0, .L9
 105 0010 FFF7FEFF 		bl	RXisr_StartEx
 106              	.LVL6:
  36:main.c        ****     CyGlobalIntEnable; /* Enable global interrupts. */
 107              		.loc 1 36 0
 108              		.syntax unified
 109              	@ 36 "main.c" 1
 110 0014 62B6     		CPSIE   i
 111              	@ 0 "" 2
  37:main.c        ****     UART_Start();
 112              		.loc 1 37 0
 113              		.thumb
 114              		.syntax unified
 115 0016 FFF7FEFF 		bl	UART_Start
 116              	.LVL7:
 117              	.L7:
 118 001a FEE7     		b	.L7
 119              	.L10:
 120              		.align	2
 121              	.L9:
 122 001c 00000000 		.word	interruptRX
 123              		.cfi_endproc
 124              	.LFE64:
 125              		.size	main, .-main
 126              		.comm	dato,1,1
 127              		.global	columna
 128              		.global	fila
 129              		.bss
 130              		.align	2
 131              		.set	.LANCHOR0,. + 0
 132              		.type	columna, %object
 133              		.size	columna, 4
 134              	columna:
ARM GAS  C:\Users\quiqu\AppData\Local\Temp\ccV6UDZn.s 			page 4


 135 0000 00000000 		.space	4
 136              		.type	fila, %object
 137              		.size	fila, 4
 138              	fila:
 139 0004 00000000 		.space	4
 140              		.text
 141              	.Letext0:
 142              		.file 2 "c:\\program files (x86)\\cypress\\psoc creator\\4.2\\psoc creator\\import\\gnu\\arm\\5.4.
 143              		.file 3 "c:\\program files (x86)\\cypress\\psoc creator\\4.2\\psoc creator\\import\\gnu\\arm\\5.4.
 144              		.file 4 "Generated_Source\\PSoC5/core_cm3.h"
 145              		.file 5 "Generated_Source\\PSoC5/UART.h"
 146              		.file 6 "Generated_Source\\PSoC5/LCD.h"
 147              		.file 7 "Generated_Source\\PSoC5/Clock_1.h"
 148              		.file 8 "Generated_Source\\PSoC5/PWM.h"
 149              		.file 9 "Generated_Source\\PSoC5/RXisr.h"
 150              		.section	.debug_info,"",%progbits
 151              	.Ldebug_info0:
 152 0000 C3010000 		.4byte	0x1c3
 153 0004 0400     		.2byte	0x4
 154 0006 00000000 		.4byte	.Ldebug_abbrev0
 155 000a 04       		.byte	0x4
 156 000b 01       		.uleb128 0x1
 157 000c 39000000 		.4byte	.LASF28
 158 0010 0C       		.byte	0xc
 159 0011 DE010000 		.4byte	.LASF29
 160 0015 24010000 		.4byte	.LASF30
 161 0019 00000000 		.4byte	.Ldebug_ranges0+0
 162 001d 00000000 		.4byte	0
 163 0021 00000000 		.4byte	.Ldebug_line0
 164 0025 02       		.uleb128 0x2
 165 0026 01       		.byte	0x1
 166 0027 06       		.byte	0x6
 167 0028 1B020000 		.4byte	.LASF0
 168 002c 02       		.uleb128 0x2
 169 002d 01       		.byte	0x1
 170 002e 08       		.byte	0x8
 171 002f 2B000000 		.4byte	.LASF1
 172 0033 02       		.uleb128 0x2
 173 0034 02       		.byte	0x2
 174 0035 05       		.byte	0x5
 175 0036 F2010000 		.4byte	.LASF2
 176 003a 02       		.uleb128 0x2
 177 003b 02       		.byte	0x2
 178 003c 07       		.byte	0x7
 179 003d E7000000 		.4byte	.LASF3
 180 0041 03       		.uleb128 0x3
 181 0042 0C000000 		.4byte	.LASF9
 182 0046 02       		.byte	0x2
 183 0047 3F       		.byte	0x3f
 184 0048 4C000000 		.4byte	0x4c
 185 004c 02       		.uleb128 0x2
 186 004d 04       		.byte	0x4
 187 004e 05       		.byte	0x5
 188 004f 06020000 		.4byte	.LASF4
 189 0053 02       		.uleb128 0x2
 190 0054 04       		.byte	0x4
 191 0055 07       		.byte	0x7
ARM GAS  C:\Users\quiqu\AppData\Local\Temp\ccV6UDZn.s 			page 5


 192 0056 D5000000 		.4byte	.LASF5
 193 005a 02       		.uleb128 0x2
 194 005b 08       		.byte	0x8
 195 005c 05       		.byte	0x5
 196 005d D0010000 		.4byte	.LASF6
 197 0061 02       		.uleb128 0x2
 198 0062 08       		.byte	0x8
 199 0063 07       		.byte	0x7
 200 0064 8F010000 		.4byte	.LASF7
 201 0068 04       		.uleb128 0x4
 202 0069 04       		.byte	0x4
 203 006a 05       		.byte	0x5
 204 006b 696E7400 		.ascii	"int\000"
 205 006f 02       		.uleb128 0x2
 206 0070 04       		.byte	0x4
 207 0071 07       		.byte	0x7
 208 0072 82010000 		.4byte	.LASF8
 209 0076 03       		.uleb128 0x3
 210 0077 BF010000 		.4byte	.LASF10
 211 007b 03       		.byte	0x3
 212 007c 2C       		.byte	0x2c
 213 007d 41000000 		.4byte	0x41
 214 0081 02       		.uleb128 0x2
 215 0082 04       		.byte	0x4
 216 0083 04       		.byte	0x4
 217 0084 1B000000 		.4byte	.LASF11
 218 0088 02       		.uleb128 0x2
 219 0089 08       		.byte	0x8
 220 008a 04       		.byte	0x4
 221 008b 18010000 		.4byte	.LASF12
 222 008f 02       		.uleb128 0x2
 223 0090 01       		.byte	0x1
 224 0091 08       		.byte	0x8
 225 0092 E5010000 		.4byte	.LASF13
 226 0096 02       		.uleb128 0x2
 227 0097 08       		.byte	0x8
 228 0098 04       		.byte	0x4
 229 0099 0F020000 		.4byte	.LASF14
 230 009d 02       		.uleb128 0x2
 231 009e 04       		.byte	0x4
 232 009f 07       		.byte	0x7
 233 00a0 C7010000 		.4byte	.LASF15
 234 00a4 05       		.uleb128 0x5
 235 00a5 00000000 		.4byte	.LASF31
 236 00a9 01       		.byte	0x1
 237 00aa 11       		.byte	0x11
 238 00ab 00000000 		.4byte	.LFB63
 239 00af 3C000000 		.4byte	.LFE63-.LFB63
 240 00b3 01       		.uleb128 0x1
 241 00b4 9C       		.byte	0x9c
 242 00b5 D5000000 		.4byte	0xd5
 243 00b9 06       		.uleb128 0x6
 244 00ba 06000000 		.4byte	.LVL0
 245 00be 6E010000 		.4byte	0x16e
 246 00c2 06       		.uleb128 0x6
 247 00c3 2A000000 		.4byte	.LVL1
 248 00c7 79010000 		.4byte	0x179
ARM GAS  C:\Users\quiqu\AppData\Local\Temp\ccV6UDZn.s 			page 6


 249 00cb 06       		.uleb128 0x6
 250 00cc 32000000 		.4byte	.LVL2
 251 00d0 84010000 		.4byte	0x184
 252 00d4 00       		.byte	0
 253 00d5 07       		.uleb128 0x7
 254 00d6 1F010000 		.4byte	.LASF32
 255 00da 01       		.byte	0x1
 256 00db 1E       		.byte	0x1e
 257 00dc 68000000 		.4byte	0x68
 258 00e0 00000000 		.4byte	.LFB64
 259 00e4 20000000 		.4byte	.LFE64-.LFB64
 260 00e8 01       		.uleb128 0x1
 261 00e9 9C       		.byte	0x9c
 262 00ea 2A010000 		.4byte	0x12a
 263 00ee 06       		.uleb128 0x6
 264 00ef 06000000 		.4byte	.LVL3
 265 00f3 8F010000 		.4byte	0x18f
 266 00f7 06       		.uleb128 0x6
 267 00f8 0A000000 		.4byte	.LVL4
 268 00fc 9A010000 		.4byte	0x19a
 269 0100 06       		.uleb128 0x6
 270 0101 0E000000 		.4byte	.LVL5
 271 0105 A5010000 		.4byte	0x1a5
 272 0109 08       		.uleb128 0x8
 273 010a 14000000 		.4byte	.LVL6
 274 010e B0010000 		.4byte	0x1b0
 275 0112 20010000 		.4byte	0x120
 276 0116 09       		.uleb128 0x9
 277 0117 01       		.uleb128 0x1
 278 0118 50       		.byte	0x50
 279 0119 05       		.uleb128 0x5
 280 011a 03       		.byte	0x3
 281 011b 00000000 		.4byte	interruptRX
 282 011f 00       		.byte	0
 283 0120 06       		.uleb128 0x6
 284 0121 1A000000 		.4byte	.LVL7
 285 0125 BB010000 		.4byte	0x1bb
 286 0129 00       		.byte	0
 287 012a 0A       		.uleb128 0xa
 288 012b 75010000 		.4byte	.LASF16
 289 012f 04       		.byte	0x4
 290 0130 1207     		.2byte	0x712
 291 0132 36010000 		.4byte	0x136
 292 0136 0B       		.uleb128 0xb
 293 0137 76000000 		.4byte	0x76
 294 013b 0C       		.uleb128 0xc
 295 013c 16000000 		.4byte	.LASF17
 296 0140 01       		.byte	0x1
 297 0141 0E       		.byte	0xe
 298 0142 68000000 		.4byte	0x68
 299 0146 05       		.uleb128 0x5
 300 0147 03       		.byte	0x3
 301 0148 00000000 		.4byte	fila
 302 014c 0C       		.uleb128 0xc
 303 014d EA010000 		.4byte	.LASF18
 304 0151 01       		.byte	0x1
 305 0152 0E       		.byte	0xe
ARM GAS  C:\Users\quiqu\AppData\Local\Temp\ccV6UDZn.s 			page 7


 306 0153 68000000 		.4byte	0x68
 307 0157 05       		.uleb128 0x5
 308 0158 03       		.byte	0x3
 309 0159 00000000 		.4byte	columna
 310 015d 0C       		.uleb128 0xc
 311 015e 13010000 		.4byte	.LASF19
 312 0162 01       		.byte	0x1
 313 0163 0F       		.byte	0xf
 314 0164 8F000000 		.4byte	0x8f
 315 0168 05       		.uleb128 0x5
 316 0169 03       		.byte	0x3
 317 016a 00000000 		.4byte	dato
 318 016e 0D       		.uleb128 0xd
 319 016f 27020000 		.4byte	.LASF20
 320 0173 27020000 		.4byte	.LASF20
 321 0177 05       		.byte	0x5
 322 0178 71       		.byte	0x71
 323 0179 0D       		.uleb128 0xd
 324 017a A6010000 		.4byte	.LASF21
 325 017e A6010000 		.4byte	.LASF21
 326 0182 06       		.byte	0x6
 327 0183 3D       		.byte	0x3d
 328 0184 0D       		.uleb128 0xd
 329 0185 B3010000 		.4byte	.LASF22
 330 0189 B3010000 		.4byte	.LASF22
 331 018d 06       		.byte	0x6
 332 018e 3E       		.byte	0x3e
 333 018f 0D       		.uleb128 0xd
 334 0190 C7000000 		.4byte	.LASF23
 335 0194 C7000000 		.4byte	.LASF23
 336 0198 07       		.byte	0x7
 337 0199 27       		.byte	0x27
 338 019a 0D       		.uleb128 0xd
 339 019b 21000000 		.4byte	.LASF24
 340 019f 21000000 		.4byte	.LASF24
 341 01a3 06       		.byte	0x6
 342 01a4 38       		.byte	0x38
 343 01a5 0D       		.uleb128 0xd
 344 01a6 FC010000 		.4byte	.LASF25
 345 01aa FC010000 		.4byte	.LASF25
 346 01ae 08       		.byte	0x8
 347 01af 92       		.byte	0x92
 348 01b0 0D       		.uleb128 0xd
 349 01b1 05010000 		.4byte	.LASF26
 350 01b5 05010000 		.4byte	.LASF26
 351 01b9 09       		.byte	0x9
 352 01ba 18       		.byte	0x18
 353 01bb 0D       		.uleb128 0xd
 354 01bc FA000000 		.4byte	.LASF27
 355 01c0 FA000000 		.4byte	.LASF27
 356 01c4 05       		.byte	0x5
 357 01c5 54       		.byte	0x54
 358 01c6 00       		.byte	0
 359              		.section	.debug_abbrev,"",%progbits
 360              	.Ldebug_abbrev0:
 361 0000 01       		.uleb128 0x1
 362 0001 11       		.uleb128 0x11
ARM GAS  C:\Users\quiqu\AppData\Local\Temp\ccV6UDZn.s 			page 8


 363 0002 01       		.byte	0x1
 364 0003 25       		.uleb128 0x25
 365 0004 0E       		.uleb128 0xe
 366 0005 13       		.uleb128 0x13
 367 0006 0B       		.uleb128 0xb
 368 0007 03       		.uleb128 0x3
 369 0008 0E       		.uleb128 0xe
 370 0009 1B       		.uleb128 0x1b
 371 000a 0E       		.uleb128 0xe
 372 000b 55       		.uleb128 0x55
 373 000c 17       		.uleb128 0x17
 374 000d 11       		.uleb128 0x11
 375 000e 01       		.uleb128 0x1
 376 000f 10       		.uleb128 0x10
 377 0010 17       		.uleb128 0x17
 378 0011 00       		.byte	0
 379 0012 00       		.byte	0
 380 0013 02       		.uleb128 0x2
 381 0014 24       		.uleb128 0x24
 382 0015 00       		.byte	0
 383 0016 0B       		.uleb128 0xb
 384 0017 0B       		.uleb128 0xb
 385 0018 3E       		.uleb128 0x3e
 386 0019 0B       		.uleb128 0xb
 387 001a 03       		.uleb128 0x3
 388 001b 0E       		.uleb128 0xe
 389 001c 00       		.byte	0
 390 001d 00       		.byte	0
 391 001e 03       		.uleb128 0x3
 392 001f 16       		.uleb128 0x16
 393 0020 00       		.byte	0
 394 0021 03       		.uleb128 0x3
 395 0022 0E       		.uleb128 0xe
 396 0023 3A       		.uleb128 0x3a
 397 0024 0B       		.uleb128 0xb
 398 0025 3B       		.uleb128 0x3b
 399 0026 0B       		.uleb128 0xb
 400 0027 49       		.uleb128 0x49
 401 0028 13       		.uleb128 0x13
 402 0029 00       		.byte	0
 403 002a 00       		.byte	0
 404 002b 04       		.uleb128 0x4
 405 002c 24       		.uleb128 0x24
 406 002d 00       		.byte	0
 407 002e 0B       		.uleb128 0xb
 408 002f 0B       		.uleb128 0xb
 409 0030 3E       		.uleb128 0x3e
 410 0031 0B       		.uleb128 0xb
 411 0032 03       		.uleb128 0x3
 412 0033 08       		.uleb128 0x8
 413 0034 00       		.byte	0
 414 0035 00       		.byte	0
 415 0036 05       		.uleb128 0x5
 416 0037 2E       		.uleb128 0x2e
 417 0038 01       		.byte	0x1
 418 0039 3F       		.uleb128 0x3f
 419 003a 19       		.uleb128 0x19
ARM GAS  C:\Users\quiqu\AppData\Local\Temp\ccV6UDZn.s 			page 9


 420 003b 03       		.uleb128 0x3
 421 003c 0E       		.uleb128 0xe
 422 003d 3A       		.uleb128 0x3a
 423 003e 0B       		.uleb128 0xb
 424 003f 3B       		.uleb128 0x3b
 425 0040 0B       		.uleb128 0xb
 426 0041 27       		.uleb128 0x27
 427 0042 19       		.uleb128 0x19
 428 0043 11       		.uleb128 0x11
 429 0044 01       		.uleb128 0x1
 430 0045 12       		.uleb128 0x12
 431 0046 06       		.uleb128 0x6
 432 0047 40       		.uleb128 0x40
 433 0048 18       		.uleb128 0x18
 434 0049 9742     		.uleb128 0x2117
 435 004b 19       		.uleb128 0x19
 436 004c 01       		.uleb128 0x1
 437 004d 13       		.uleb128 0x13
 438 004e 00       		.byte	0
 439 004f 00       		.byte	0
 440 0050 06       		.uleb128 0x6
 441 0051 898201   		.uleb128 0x4109
 442 0054 00       		.byte	0
 443 0055 11       		.uleb128 0x11
 444 0056 01       		.uleb128 0x1
 445 0057 31       		.uleb128 0x31
 446 0058 13       		.uleb128 0x13
 447 0059 00       		.byte	0
 448 005a 00       		.byte	0
 449 005b 07       		.uleb128 0x7
 450 005c 2E       		.uleb128 0x2e
 451 005d 01       		.byte	0x1
 452 005e 3F       		.uleb128 0x3f
 453 005f 19       		.uleb128 0x19
 454 0060 03       		.uleb128 0x3
 455 0061 0E       		.uleb128 0xe
 456 0062 3A       		.uleb128 0x3a
 457 0063 0B       		.uleb128 0xb
 458 0064 3B       		.uleb128 0x3b
 459 0065 0B       		.uleb128 0xb
 460 0066 27       		.uleb128 0x27
 461 0067 19       		.uleb128 0x19
 462 0068 49       		.uleb128 0x49
 463 0069 13       		.uleb128 0x13
 464 006a 8701     		.uleb128 0x87
 465 006c 19       		.uleb128 0x19
 466 006d 11       		.uleb128 0x11
 467 006e 01       		.uleb128 0x1
 468 006f 12       		.uleb128 0x12
 469 0070 06       		.uleb128 0x6
 470 0071 40       		.uleb128 0x40
 471 0072 18       		.uleb128 0x18
 472 0073 9742     		.uleb128 0x2117
 473 0075 19       		.uleb128 0x19
 474 0076 01       		.uleb128 0x1
 475 0077 13       		.uleb128 0x13
 476 0078 00       		.byte	0
ARM GAS  C:\Users\quiqu\AppData\Local\Temp\ccV6UDZn.s 			page 10


 477 0079 00       		.byte	0
 478 007a 08       		.uleb128 0x8
 479 007b 898201   		.uleb128 0x4109
 480 007e 01       		.byte	0x1
 481 007f 11       		.uleb128 0x11
 482 0080 01       		.uleb128 0x1
 483 0081 31       		.uleb128 0x31
 484 0082 13       		.uleb128 0x13
 485 0083 01       		.uleb128 0x1
 486 0084 13       		.uleb128 0x13
 487 0085 00       		.byte	0
 488 0086 00       		.byte	0
 489 0087 09       		.uleb128 0x9
 490 0088 8A8201   		.uleb128 0x410a
 491 008b 00       		.byte	0
 492 008c 02       		.uleb128 0x2
 493 008d 18       		.uleb128 0x18
 494 008e 9142     		.uleb128 0x2111
 495 0090 18       		.uleb128 0x18
 496 0091 00       		.byte	0
 497 0092 00       		.byte	0
 498 0093 0A       		.uleb128 0xa
 499 0094 34       		.uleb128 0x34
 500 0095 00       		.byte	0
 501 0096 03       		.uleb128 0x3
 502 0097 0E       		.uleb128 0xe
 503 0098 3A       		.uleb128 0x3a
 504 0099 0B       		.uleb128 0xb
 505 009a 3B       		.uleb128 0x3b
 506 009b 05       		.uleb128 0x5
 507 009c 49       		.uleb128 0x49
 508 009d 13       		.uleb128 0x13
 509 009e 3F       		.uleb128 0x3f
 510 009f 19       		.uleb128 0x19
 511 00a0 3C       		.uleb128 0x3c
 512 00a1 19       		.uleb128 0x19
 513 00a2 00       		.byte	0
 514 00a3 00       		.byte	0
 515 00a4 0B       		.uleb128 0xb
 516 00a5 35       		.uleb128 0x35
 517 00a6 00       		.byte	0
 518 00a7 49       		.uleb128 0x49
 519 00a8 13       		.uleb128 0x13
 520 00a9 00       		.byte	0
 521 00aa 00       		.byte	0
 522 00ab 0C       		.uleb128 0xc
 523 00ac 34       		.uleb128 0x34
 524 00ad 00       		.byte	0
 525 00ae 03       		.uleb128 0x3
 526 00af 0E       		.uleb128 0xe
 527 00b0 3A       		.uleb128 0x3a
 528 00b1 0B       		.uleb128 0xb
 529 00b2 3B       		.uleb128 0x3b
 530 00b3 0B       		.uleb128 0xb
 531 00b4 49       		.uleb128 0x49
 532 00b5 13       		.uleb128 0x13
 533 00b6 3F       		.uleb128 0x3f
ARM GAS  C:\Users\quiqu\AppData\Local\Temp\ccV6UDZn.s 			page 11


 534 00b7 19       		.uleb128 0x19
 535 00b8 02       		.uleb128 0x2
 536 00b9 18       		.uleb128 0x18
 537 00ba 00       		.byte	0
 538 00bb 00       		.byte	0
 539 00bc 0D       		.uleb128 0xd
 540 00bd 2E       		.uleb128 0x2e
 541 00be 00       		.byte	0
 542 00bf 3F       		.uleb128 0x3f
 543 00c0 19       		.uleb128 0x19
 544 00c1 3C       		.uleb128 0x3c
 545 00c2 19       		.uleb128 0x19
 546 00c3 6E       		.uleb128 0x6e
 547 00c4 0E       		.uleb128 0xe
 548 00c5 03       		.uleb128 0x3
 549 00c6 0E       		.uleb128 0xe
 550 00c7 3A       		.uleb128 0x3a
 551 00c8 0B       		.uleb128 0xb
 552 00c9 3B       		.uleb128 0x3b
 553 00ca 0B       		.uleb128 0xb
 554 00cb 00       		.byte	0
 555 00cc 00       		.byte	0
 556 00cd 00       		.byte	0
 557              		.section	.debug_aranges,"",%progbits
 558 0000 24000000 		.4byte	0x24
 559 0004 0200     		.2byte	0x2
 560 0006 00000000 		.4byte	.Ldebug_info0
 561 000a 04       		.byte	0x4
 562 000b 00       		.byte	0
 563 000c 0000     		.2byte	0
 564 000e 0000     		.2byte	0
 565 0010 00000000 		.4byte	.LFB63
 566 0014 3C000000 		.4byte	.LFE63-.LFB63
 567 0018 00000000 		.4byte	.LFB64
 568 001c 20000000 		.4byte	.LFE64-.LFB64
 569 0020 00000000 		.4byte	0
 570 0024 00000000 		.4byte	0
 571              		.section	.debug_ranges,"",%progbits
 572              	.Ldebug_ranges0:
 573 0000 00000000 		.4byte	.LFB63
 574 0004 3C000000 		.4byte	.LFE63
 575 0008 00000000 		.4byte	.LFB64
 576 000c 20000000 		.4byte	.LFE64
 577 0010 00000000 		.4byte	0
 578 0014 00000000 		.4byte	0
 579              		.section	.debug_line,"",%progbits
 580              	.Ldebug_line0:
 581 0000 A4010000 		.section	.debug_str,"MS",%progbits,1
 581      02007301 
 581      00000201 
 581      FB0E0D00 
 581      01010101 
 582              	.LASF31:
 583 0000 696E7465 		.ascii	"interruptRX\000"
 583      72727570 
 583      74525800 
 584              	.LASF9:
ARM GAS  C:\Users\quiqu\AppData\Local\Temp\ccV6UDZn.s 			page 12


 585 000c 5F5F696E 		.ascii	"__int32_t\000"
 585      7433325F 
 585      7400
 586              	.LASF17:
 587 0016 66696C61 		.ascii	"fila\000"
 587      00
 588              	.LASF11:
 589 001b 666C6F61 		.ascii	"float\000"
 589      7400
 590              	.LASF24:
 591 0021 4C43445F 		.ascii	"LCD_Start\000"
 591      53746172 
 591      7400
 592              	.LASF1:
 593 002b 756E7369 		.ascii	"unsigned char\000"
 593      676E6564 
 593      20636861 
 593      7200
 594              	.LASF28:
 595 0039 474E5520 		.ascii	"GNU C11 5.4.1 20160609 (release) [ARM/embedded-5-br"
 595      43313120 
 595      352E342E 
 595      31203230 
 595      31363036 
 596 006c 616E6368 		.ascii	"anch revision 237715] -mcpu=cortex-m3 -mthumb -g -O"
 596      20726576 
 596      6973696F 
 596      6E203233 
 596      37373135 
 597 009f 67202D66 		.ascii	"g -ffunction-sections -ffat-lto-objects\000"
 597      66756E63 
 597      74696F6E 
 597      2D736563 
 597      74696F6E 
 598              	.LASF23:
 599 00c7 436C6F63 		.ascii	"Clock_1_Start\000"
 599      6B5F315F 
 599      53746172 
 599      7400
 600              	.LASF5:
 601 00d5 6C6F6E67 		.ascii	"long unsigned int\000"
 601      20756E73 
 601      69676E65 
 601      6420696E 
 601      7400
 602              	.LASF3:
 603 00e7 73686F72 		.ascii	"short unsigned int\000"
 603      7420756E 
 603      7369676E 
 603      65642069 
 603      6E7400
 604              	.LASF27:
 605 00fa 55415254 		.ascii	"UART_Start\000"
 605      5F537461 
 605      727400
 606              	.LASF26:
 607 0105 52586973 		.ascii	"RXisr_StartEx\000"
ARM GAS  C:\Users\quiqu\AppData\Local\Temp\ccV6UDZn.s 			page 13


 607      725F5374 
 607      61727445 
 607      7800
 608              	.LASF19:
 609 0113 6461746F 		.ascii	"dato\000"
 609      00
 610              	.LASF12:
 611 0118 646F7562 		.ascii	"double\000"
 611      6C6500
 612              	.LASF32:
 613 011f 6D61696E 		.ascii	"main\000"
 613      00
 614              	.LASF30:
 615 0124 433A5C55 		.ascii	"C:\\Users\\quiqu\\OneDrive\\Documentos\\PSoC Creato"
 615      73657273 
 615      5C717569 
 615      71755C4F 
 615      6E654472 
 616 0152 725C436F 		.ascii	"r\\Comunicaciones\\Bluetooth01.cydsn\000"
 616      6D756E69 
 616      63616369 
 616      6F6E6573 
 616      5C426C75 
 617              	.LASF16:
 618 0175 49544D5F 		.ascii	"ITM_RxBuffer\000"
 618      52784275 
 618      66666572 
 618      00
 619              	.LASF8:
 620 0182 756E7369 		.ascii	"unsigned int\000"
 620      676E6564 
 620      20696E74 
 620      00
 621              	.LASF7:
 622 018f 6C6F6E67 		.ascii	"long long unsigned int\000"
 622      206C6F6E 
 622      6720756E 
 622      7369676E 
 622      65642069 
 623              	.LASF21:
 624 01a6 4C43445F 		.ascii	"LCD_Position\000"
 624      506F7369 
 624      74696F6E 
 624      00
 625              	.LASF22:
 626 01b3 4C43445F 		.ascii	"LCD_PutChar\000"
 626      50757443 
 626      68617200 
 627              	.LASF10:
 628 01bf 696E7433 		.ascii	"int32_t\000"
 628      325F7400 
 629              	.LASF15:
 630 01c7 73697A65 		.ascii	"sizetype\000"
 630      74797065 
 630      00
 631              	.LASF6:
 632 01d0 6C6F6E67 		.ascii	"long long int\000"
ARM GAS  C:\Users\quiqu\AppData\Local\Temp\ccV6UDZn.s 			page 14


 632      206C6F6E 
 632      6720696E 
 632      7400
 633              	.LASF29:
 634 01de 6D61696E 		.ascii	"main.c\000"
 634      2E6300
 635              	.LASF13:
 636 01e5 63686172 		.ascii	"char\000"
 636      00
 637              	.LASF18:
 638 01ea 636F6C75 		.ascii	"columna\000"
 638      6D6E6100 
 639              	.LASF2:
 640 01f2 73686F72 		.ascii	"short int\000"
 640      7420696E 
 640      7400
 641              	.LASF25:
 642 01fc 50574D5F 		.ascii	"PWM_Start\000"
 642      53746172 
 642      7400
 643              	.LASF4:
 644 0206 6C6F6E67 		.ascii	"long int\000"
 644      20696E74 
 644      00
 645              	.LASF14:
 646 020f 6C6F6E67 		.ascii	"long double\000"
 646      20646F75 
 646      626C6500 
 647              	.LASF0:
 648 021b 7369676E 		.ascii	"signed char\000"
 648      65642063 
 648      68617200 
 649              	.LASF20:
 650 0227 55415254 		.ascii	"UART_GetChar\000"
 650      5F476574 
 650      43686172 
 650      00
 651              		.ident	"GCC: (GNU Tools for ARM Embedded Processors) 5.4.1 20160609 (release) [ARM/embedded-5-bran
